<?xml version="1.0" encoding="UTF-8"?>
<!-- Generated by org.testng.reporters.JUnitReportReporter -->
<testsuite hostname="Swapnil" failures="0" tests="3" name="BatchTesting.SignupTest" time="0.004" errors="0" timestamp="2022-12-05T21:34:05 IST" skipped="0">
  <testcase classname="BatchTesting.SignupTest" name="SignUpbyTwitter" time="0.001"/>
  <system-out/>
  <testcase classname="BatchTesting.SignupTest" name="SignUpbyfacebook" time="0.002"/>
  <system-out/>
  <testcase classname="BatchTesting.SignupTest" name="SignUpEmail" time="0.001"/>
  <system-out/>
</testsuite> <!-- BatchTesting.SignupTest -->
