<?xml version="1.0" encoding="UTF-8"?>
<!-- Generated by org.testng.reporters.JUnitReportReporter -->
<testsuite hostname="Swapnil" failures="0" tests="3" name="BatchTesting.LoginTest" time="0.014" errors="0" timestamp="2022-12-05T21:34:05 IST" skipped="0">
  <testcase classname="BatchTesting.LoginTest" name="loginByTwitter" time="0.002"/>
  <system-out/>
  <testcase classname="BatchTesting.LoginTest" name="loginByEmail" time="0.011"/>
  <system-out/>
  <testcase classname="BatchTesting.LoginTest" name="loginByfacebook" time="0.001"/>
  <system-out/>
</testsuite> <!-- BatchTesting.LoginTest -->
