<?xml version="1.0" encoding="UTF-8"?>
<!-- Generated by org.testng.reporters.JUnitReportReporter -->
<testsuite hostname="Swapnil" failures="0" tests="1" name="BatchTesting.PaymentReturns" time="0.001" errors="0" timestamp="2022-12-05T21:34:05 IST" skipped="0">
  <testcase classname="BatchTesting.PaymentReturns" name="PaymentReturnByBank" time="0.001"/>
  <system-out/>
</testsuite> <!-- BatchTesting.PaymentReturns -->
